2021-12-09 21:53:30,147 INFO org.springframework.boot.web.embedded.tomcat.TomcatWebServer [restartedMain] Tomcat started on port(s): 9081 (http) with context path ''
2021-12-09 21:53:30,297 INFO org.springframework.boot.StartupInfoLogger [restartedMain] Started UniversidadesRest1Application in 1.748 seconds (JVM running for 1034.884)
2021-12-09 21:53:30,300 INFO org.springframework.boot.devtools.autoconfigure.ConditionEvaluationDeltaLoggingListener [restartedMain] Condition evaluation unchanged
2021-12-09 21:56:47,193 INFO org.springframework.boot.admin.SpringApplicationAdminMXBeanRegistrar$SpringApplicationAdmin [RMI TCP Connection(34)-127.0.0.1] Application shutdown requested.
2021-12-09 21:56:47,453 INFO org.springframework.orm.jpa.AbstractEntityManagerFactoryBean [RMI TCP Connection(34)-127.0.0.1] Closing JPA EntityManagerFactory for persistence unit 'default'
2021-12-09 21:56:47,455 INFO com.zaxxer.hikari.HikariDataSource [RMI TCP Connection(34)-127.0.0.1] HikariPool-3 - Shutdown initiated...
2021-12-09 21:56:47,462 INFO com.zaxxer.hikari.HikariDataSource [RMI TCP Connection(34)-127.0.0.1] HikariPool-3 - Shutdown completed.
2021-12-09 22:01:00,234 INFO org.springframework.boot.StartupInfoLogger [restartedMain] Starting UniversidadesRest1Application using Java 1.8.0_301 on LAPTOP-TQRN9BM8 with PID 7580 (C:\EclipseSts\WorkSpace\UniversidadesREST1\target\classes started by Alberto in C:\EclipseSts\WorkSpace\UniversidadesREST1)
2021-12-09 22:01:00,234 INFO org.hibernate.validator.internal.util.Version [background-preinit] HV000001: Hibernate Validator 6.2.0.Final
2021-12-09 22:01:00,237 INFO org.springframework.boot.SpringApplication [restartedMain] No active profile set, falling back to default profiles: default
2021-12-09 22:01:00,296 INFO org.springframework.boot.logging.DeferredLog [restartedMain] Devtools property defaults active! Set 'spring.devtools.add-properties' to 'false' to disable
2021-12-09 22:01:00,297 INFO org.springframework.boot.logging.DeferredLog [restartedMain] For additional web related logging consider setting the 'logging.level.web' property to 'DEBUG'
2021-12-09 22:01:01,608 INFO org.springframework.data.repository.config.RepositoryConfigurationDelegate [restartedMain] Bootstrapping Spring Data JPA repositories in DEFAULT mode.
2021-12-09 22:01:01,743 INFO org.springframework.data.repository.config.RepositoryConfigurationDelegate [restartedMain] Finished Spring Data repository scanning in 118 ms. Found 6 JPA repository interfaces.
2021-12-09 22:01:02,727 INFO org.springframework.boot.web.embedded.tomcat.TomcatWebServer [restartedMain] Tomcat initialized with port(s): 9081 (http)
2021-12-09 22:01:02,743 INFO org.apache.juli.logging.DirectJDKLog [restartedMain] Initializing ProtocolHandler ["http-nio-9081"]
2021-12-09 22:01:02,744 INFO org.apache.juli.logging.DirectJDKLog [restartedMain] Starting service [Tomcat]
2021-12-09 22:01:02,744 INFO org.apache.juli.logging.DirectJDKLog [restartedMain] Starting Servlet engine: [Apache Tomcat/9.0.55]
2021-12-09 22:01:02,880 INFO org.apache.juli.logging.DirectJDKLog [restartedMain] Initializing Spring embedded WebApplicationContext
2021-12-09 22:01:02,881 INFO org.springframework.boot.web.servlet.context.ServletWebServerApplicationContext [restartedMain] Root WebApplicationContext: initialization completed in 2584 ms
2021-12-09 22:01:03,091 INFO org.hibernate.jpa.internal.util.LogHelper [restartedMain] HHH000204: Processing PersistenceUnitInfo [name: default]
2021-12-09 22:01:03,179 INFO org.hibernate.Version [restartedMain] HHH000412: Hibernate ORM core version 5.4.32.Final
2021-12-09 22:01:03,363 INFO org.hibernate.annotations.common.reflection.java.JavaReflectionManager [restartedMain] HCANN000001: Hibernate Commons Annotations {5.1.2.Final}
2021-12-09 22:01:03,493 INFO com.zaxxer.hikari.HikariDataSource [restartedMain] HikariPool-1 - Starting...
2021-12-09 22:01:04,229 INFO com.zaxxer.hikari.HikariDataSource [restartedMain] HikariPool-1 - Start completed.
2021-12-09 22:01:04,287 INFO org.hibernate.dialect.Dialect [restartedMain] HHH000400: Using dialect: org.hibernate.dialect.PostgreSQL10Dialect
2021-12-09 22:01:05,869 INFO org.hibernate.engine.transaction.jta.platform.internal.JtaPlatformInitiator [restartedMain] HHH000490: Using JtaPlatform implementation: [org.hibernate.engine.transaction.jta.platform.internal.NoJtaPlatform]
2021-12-09 22:01:05,885 INFO org.springframework.orm.jpa.AbstractEntityManagerFactoryBean [restartedMain] Initialized JPA EntityManagerFactory for persistence unit 'default'
2021-12-09 22:01:07,190 WARN org.springframework.boot.autoconfigure.orm.jpa.JpaBaseConfiguration$JpaWebConfiguration [restartedMain] spring.jpa.open-in-view is enabled by default. Therefore, database queries may be performed during view rendering. Explicitly configure spring.jpa.open-in-view to disable this warning
2021-12-09 22:01:07,515 INFO org.springframework.boot.devtools.autoconfigure.OptionalLiveReloadServer [restartedMain] LiveReload server is running on port 35729
2021-12-09 22:01:07,819 INFO org.apache.juli.logging.DirectJDKLog [restartedMain] Starting ProtocolHandler ["http-nio-9081"]
2021-12-09 22:01:07,844 INFO org.springframework.boot.web.embedded.tomcat.TomcatWebServer [restartedMain] Tomcat started on port(s): 9081 (http) with context path ''
2021-12-09 22:01:08,312 INFO org.springframework.boot.StartupInfoLogger [restartedMain] Started UniversidadesRest1Application in 8.595 seconds (JVM running for 9.905)
2021-12-09 22:01:20,645 INFO org.apache.juli.logging.DirectJDKLog [http-nio-9081-exec-2] Initializing Spring DispatcherServlet 'dispatcherServlet'
2021-12-09 22:01:20,646 INFO org.springframework.web.servlet.FrameworkServlet [http-nio-9081-exec-2] Initializing Servlet 'dispatcherServlet'
2021-12-09 22:01:20,650 INFO org.springframework.web.servlet.FrameworkServlet [http-nio-9081-exec-2] Completed initialization in 4 ms
2021-12-09 22:02:19,209 WARN org.springframework.web.servlet.handler.AbstractHandlerExceptionResolver [http-nio-9081-exec-4] Resolved [com.ibm.academia.apirest.exceptions.handler.NotFoundException: Alumno con id 25 no existe]
