2021-12-09 22:02:32,883 INFO org.springframework.orm.jpa.AbstractEntityManagerFactoryBean [Thread-6] Closing JPA EntityManagerFactory for persistence unit 'default'
2021-12-09 22:02:32,891 INFO com.zaxxer.hikari.HikariDataSource [Thread-6] HikariPool-1 - Shutdown initiated...
2021-12-09 22:02:32,903 INFO com.zaxxer.hikari.HikariDataSource [Thread-6] HikariPool-1 - Shutdown completed.
2021-12-09 22:02:33,141 INFO org.springframework.boot.StartupInfoLogger [restartedMain] Starting UniversidadesRest1Application using Java 1.8.0_301 on LAPTOP-TQRN9BM8 with PID 7580 (C:\EclipseSts\WorkSpace\UniversidadesREST1\target\classes started by Alberto in C:\EclipseSts\WorkSpace\UniversidadesREST1)
2021-12-09 22:02:33,142 INFO org.springframework.boot.SpringApplication [restartedMain] No active profile set, falling back to default profiles: default
2021-12-09 22:02:33,596 INFO org.springframework.data.repository.config.RepositoryConfigurationDelegate [restartedMain] Bootstrapping Spring Data JPA repositories in DEFAULT mode.
2021-12-09 22:02:33,639 INFO org.springframework.data.repository.config.RepositoryConfigurationDelegate [restartedMain] Finished Spring Data repository scanning in 42 ms. Found 6 JPA repository interfaces.
2021-12-09 22:02:33,845 INFO org.springframework.boot.web.embedded.tomcat.TomcatWebServer [restartedMain] Tomcat initialized with port(s): 9081 (http)
2021-12-09 22:02:33,846 INFO org.apache.juli.logging.DirectJDKLog [restartedMain] Initializing ProtocolHandler ["http-nio-9081"]
2021-12-09 22:02:33,846 INFO org.apache.juli.logging.DirectJDKLog [restartedMain] Starting service [Tomcat]
2021-12-09 22:02:33,846 INFO org.apache.juli.logging.DirectJDKLog [restartedMain] Starting Servlet engine: [Apache Tomcat/9.0.55]
2021-12-09 22:02:33,872 INFO org.apache.juli.logging.DirectJDKLog [restartedMain] Initializing Spring embedded WebApplicationContext
2021-12-09 22:02:33,872 INFO org.springframework.boot.web.servlet.context.ServletWebServerApplicationContext [restartedMain] Root WebApplicationContext: initialization completed in 727 ms
2021-12-09 22:02:33,923 INFO org.hibernate.jpa.internal.util.LogHelper [restartedMain] HHH000204: Processing PersistenceUnitInfo [name: default]
2021-12-09 22:02:33,930 INFO com.zaxxer.hikari.HikariDataSource [restartedMain] HikariPool-2 - Starting...
2021-12-09 22:02:33,986 INFO com.zaxxer.hikari.HikariDataSource [restartedMain] HikariPool-2 - Start completed.
2021-12-09 22:02:33,986 INFO org.hibernate.dialect.Dialect [restartedMain] HHH000400: Using dialect: org.hibernate.dialect.PostgreSQL10Dialect
2021-12-09 22:02:34,322 INFO org.hibernate.engine.transaction.jta.platform.internal.JtaPlatformInitiator [restartedMain] HHH000490: Using JtaPlatform implementation: [org.hibernate.engine.transaction.jta.platform.internal.NoJtaPlatform]
2021-12-09 22:02:34,322 INFO org.springframework.orm.jpa.AbstractEntityManagerFactoryBean [restartedMain] Initialized JPA EntityManagerFactory for persistence unit 'default'
2021-12-09 22:02:34,635 WARN org.springframework.boot.autoconfigure.orm.jpa.JpaBaseConfiguration$JpaWebConfiguration [restartedMain] spring.jpa.open-in-view is enabled by default. Therefore, database queries may be performed during view rendering. Explicitly configure spring.jpa.open-in-view to disable this warning
2021-12-09 22:02:34,725 INFO org.springframework.boot.devtools.autoconfigure.OptionalLiveReloadServer [restartedMain] LiveReload server is running on port 35729
2021-12-09 22:02:34,817 INFO org.apache.juli.logging.DirectJDKLog [restartedMain] Starting ProtocolHandler ["http-nio-9081"]
2021-12-09 22:02:34,819 INFO org.springframework.boot.web.embedded.tomcat.TomcatWebServer [restartedMain] Tomcat started on port(s): 9081 (http) with context path ''
2021-12-09 22:02:34,990 INFO org.springframework.boot.StartupInfoLogger [restartedMain] Started UniversidadesRest1Application in 1.898 seconds (JVM running for 96.582)
2021-12-09 22:02:34,993 INFO org.springframework.boot.devtools.autoconfigure.ConditionEvaluationDeltaLoggingListener [restartedMain] Condition evaluation unchanged
2021-12-09 22:02:48,460 INFO org.apache.juli.logging.DirectJDKLog [http-nio-9081-exec-2] Initializing Spring DispatcherServlet 'dispatcherServlet'
2021-12-09 22:02:48,461 INFO org.springframework.web.servlet.FrameworkServlet [http-nio-9081-exec-2] Initializing Servlet 'dispatcherServlet'
2021-12-09 22:02:48,463 INFO org.springframework.web.servlet.FrameworkServlet [http-nio-9081-exec-2] Completed initialization in 2 ms
2021-12-09 22:02:52,817 WARN org.springframework.web.servlet.handler.AbstractHandlerExceptionResolver [http-nio-9081-exec-3] Resolved [com.ibm.academia.apirest.exceptions.handler.NotFoundException: Empleado con id 6 no existe]
2021-12-09 22:36:31,745 WARN com.zaxxer.hikari.pool.HikariPool$HouseKeeper [HikariPool-2 housekeeper] HikariPool-2 - Thread starvation or clock leap detected (housekeeper delta=32m57s663ms587µs400ns).
2021-12-09 22:41:05,354 INFO org.springframework.orm.jpa.AbstractEntityManagerFactoryBean [Thread-13] Closing JPA EntityManagerFactory for persistence unit 'default'
2021-12-09 22:41:05,355 INFO com.zaxxer.hikari.HikariDataSource [Thread-13] HikariPool-2 - Shutdown initiated...
2021-12-09 22:41:05,366 INFO com.zaxxer.hikari.HikariDataSource [Thread-13] HikariPool-2 - Shutdown completed.
2021-12-09 22:41:05,580 INFO org.springframework.boot.StartupInfoLogger [restartedMain] Starting UniversidadesRest1Application using Java 1.8.0_301 on LAPTOP-TQRN9BM8 with PID 7580 (C:\EclipseSts\WorkSpace\UniversidadesREST1\target\classes started by Alberto in C:\EclipseSts\WorkSpace\UniversidadesREST1)
2021-12-09 22:41:05,580 INFO org.springframework.boot.SpringApplication [restartedMain] No active profile set, falling back to default profiles: default
2021-12-09 22:41:06,093 INFO org.springframework.data.repository.config.RepositoryConfigurationDelegate [restartedMain] Bootstrapping Spring Data JPA repositories in DEFAULT mode.
2021-12-09 22:41:06,137 INFO org.springframework.data.repository.config.RepositoryConfigurationDelegate [restartedMain] Finished Spring Data repository scanning in 43 ms. Found 6 JPA repository interfaces.
2021-12-09 22:41:06,367 INFO org.springframework.boot.web.embedded.tomcat.TomcatWebServer [restartedMain] Tomcat initialized with port(s): 9081 (http)
2021-12-09 22:41:06,368 INFO org.apache.juli.logging.DirectJDKLog [restartedMain] Initializing ProtocolHandler ["http-nio-9081"]
2021-12-09 22:41:06,368 INFO org.apache.juli.logging.DirectJDKLog [restartedMain] Starting service [Tomcat]
2021-12-09 22:41:06,369 INFO org.apache.juli.logging.DirectJDKLog [restartedMain] Starting Servlet engine: [Apache Tomcat/9.0.55]
